Arguments: 
  /usr/bin/node /usr/bin/yarn add cors

PATH: 
  /home/dev-simplifiquei/.local/bin:/usr/lib/jvm/java-oracle//bin:/usr/local/sbin:/usr/local/bin:/usr/sbin:/usr/bin:/sbin:/bin:/usr/games:/usr/local/games:/snap/bin

Yarn version: 
  1.19.0

Node version: 
  10.16.3

Platform: 
  linux x64

Trace: 
  Error: EACCES: permission denied, mkdir '/srv/www/Omnistack/backend/node_modules/define-property/node_modules/kind-of'

npm manifest: 
  {
    "name": "backend",
    "version": "1.0.0",
    "main": "index.js",
    "license": "MIT",
    "scripts": {
      "dev": "nodemon src/server.js"
    },
    "dependencies": {
      "express": "^4.17.1",
      "mongoose": "^5.7.3",
      "multer": "^1.4.2"
    },
    "devDependencies": {
      "nodemon": "^1.19.3"
    }
  }

yarn manifest: 
  No manifest

Lockfile: 
  # THIS IS AN AUTOGENERATED FILE. DO NOT EDIT THIS FILE DIRECTLY.
  # yarn lockfile v1
